<?xml version="1.0" encoding="UTF-8"?>
<testng-results ignored="0" total="1" passed="1" failed="0" skipped="0">
  <reporter-output>
  </reporter-output>
  <suite started-at="2022-11-16T15:35:48 IST" name="Default suite" finished-at="2022-11-16T15:35:48 IST" duration-ms="55">
    <groups>
    </groups>
    <test started-at="2022-11-16T15:35:48 IST" name="Default test" finished-at="2022-11-16T15:35:48 IST" duration-ms="55">
      <class name="mavenPractice.CreateLeadTest">
        <test-method signature="createLead()[pri:0, instance:mavenPractice.CreateLeadTest@693fe6c9]" started-at="2022-11-16T15:35:48 IST" name="createLead" finished-at="2022-11-16T15:35:48 IST" duration-ms="14" status="PASS">
          <reporter-output>
          </reporter-output>
        </test-method> <!-- createLead -->
      </class> <!-- mavenPractice.CreateLeadTest -->
    </test> <!-- Default test -->
  </suite> <!-- Default suite -->
</testng-results>
